<?xml version="1.0" encoding="UTF-8"?>
<testng-results skipped="0" failed="0" ignored="0" total="2" passed="2">
  <reporter-output>
  </reporter-output>
  <suite name="Suite" duration-ms="36518" started-at="2022-03-28T11:24:08Z" finished-at="2022-03-28T11:24:45Z">
    <groups>
    </groups>
    <test name="Test" duration-ms="36518" started-at="2022-03-28T11:24:08Z" finished-at="2022-03-28T11:24:45Z">
      <class name="tests.ParallelTest1">
        <test-method status="PASS" signature="openChromeParallel()[pri:0, instance:tests.ParallelTest1@e25b2fe]" name="openChromeParallel" duration-ms="35220" started-at="2022-03-28T16:54:08Z" finished-at="2022-03-28T16:54:43Z">
          <reporter-output>
          </reporter-output>
        </test-method> <!-- openChromeParallel -->
      </class> <!-- tests.ParallelTest1 -->
      <class name="tests.ParallelTest">
        <test-method status="PASS" signature="openEdgeParallel()[pri:0, instance:tests.ParallelTest@4667ae56]" name="openEdgeParallel" duration-ms="36478" started-at="2022-03-28T16:54:08Z" finished-at="2022-03-28T16:54:45Z">
          <reporter-output>
          </reporter-output>
        </test-method> <!-- openEdgeParallel -->
      </class> <!-- tests.ParallelTest -->
    </test> <!-- Test -->
  </suite> <!-- Suite -->
</testng-results>
